mode: atomic
github.com/nhalm/canonlog/http/middleware.go:22.74,23.22 1 5
github.com/nhalm/canonlog/http/middleware.go:23.22,25.3 1 4
github.com/nhalm/canonlog/http/middleware.go:27.2,27.46 1 5
github.com/nhalm/canonlog/http/middleware.go:27.46,28.72 1 5
github.com/nhalm/canonlog/http/middleware.go:28.72,32.23 3 5
github.com/nhalm/canonlog/http/middleware.go:32.23,34.5 1 4
github.com/nhalm/canonlog/http/middleware.go:36.4,49.17 4 5
github.com/nhalm/canonlog/http/middleware.go:49.17,55.5 2 5
github.com/nhalm/canonlog/http/middleware.go:57.4,57.42 1 5
github.com/nhalm/canonlog/http/middleware.go:68.54,71.2 2 10
github.com/nhalm/canonlog/http/middleware.go:73.58,77.2 3 4
github.com/nhalm/canonlog/http/middleware.go:92.77,93.22 1 4
github.com/nhalm/canonlog/http/middleware.go:93.22,95.3 1 3
github.com/nhalm/canonlog/http/middleware.go:97.2,97.46 1 4
github.com/nhalm/canonlog/http/middleware.go:97.46,98.72 1 4
github.com/nhalm/canonlog/http/middleware.go:98.72,102.23 3 4
github.com/nhalm/canonlog/http/middleware.go:102.23,104.5 1 3
github.com/nhalm/canonlog/http/middleware.go:105.4,105.23 1 4
github.com/nhalm/canonlog/http/middleware.go:105.23,107.5 1 2
github.com/nhalm/canonlog/http/middleware.go:109.4,122.17 4 4
github.com/nhalm/canonlog/http/middleware.go:122.17,128.5 2 4
github.com/nhalm/canonlog/http/middleware.go:130.4,130.42 1 4
github.com/nhalm/canonlog/logger.go:34.33,36.2 1 2
github.com/nhalm/canonlog/logger.go:46.52,49.35 2 7
github.com/nhalm/canonlog/logger.go:50.15,51.26 1 1
github.com/nhalm/canonlog/logger.go:52.14,53.25 1 3
github.com/nhalm/canonlog/logger.go:54.25,55.25 1 1
github.com/nhalm/canonlog/logger.go:56.15,57.26 1 1
github.com/nhalm/canonlog/logger.go:58.10,59.25 1 1
github.com/nhalm/canonlog/logger.go:63.2,68.36 3 7
github.com/nhalm/canonlog/logger.go:69.14,70.49 1 5
github.com/nhalm/canonlog/logger.go:71.14,72.49 1 1
github.com/nhalm/canonlog/logger.go:73.10,74.49 1 1
github.com/nhalm/canonlog/logger.go:78.2,85.37 3 7
github.com/nhalm/canonlog/request_logger.go:33.40,41.2 1 14
github.com/nhalm/canonlog/request_logger.go:48.82,51.2 2 3
github.com/nhalm/canonlog/request_logger.go:61.83,62.27 1 3
github.com/nhalm/canonlog/request_logger.go:62.27,64.3 1 6
github.com/nhalm/canonlog/request_logger.go:65.2,65.11 1 3
github.com/nhalm/canonlog/request_logger.go:72.62,73.16 1 4
github.com/nhalm/canonlog/request_logger.go:73.16,77.3 3 4
github.com/nhalm/canonlog/request_logger.go:78.2,78.11 1 4
github.com/nhalm/canonlog/request_logger.go:82.68,85.2 2 2
github.com/nhalm/canonlog/request_logger.go:88.68,91.2 2 2
github.com/nhalm/canonlog/request_logger.go:99.51,111.30 5 0
github.com/nhalm/canonlog/request_logger.go:111.30,113.3 1 0
github.com/nhalm/canonlog/request_logger.go:116.2,116.24 1 0
github.com/nhalm/canonlog/request_logger.go:116.24,117.26 1 0
github.com/nhalm/canonlog/request_logger.go:117.26,119.4 1 0
github.com/nhalm/canonlog/request_logger.go:119.9,121.34 2 0
github.com/nhalm/canonlog/request_logger.go:121.34,123.5 1 0
github.com/nhalm/canonlog/request_logger.go:124.4,124.59 1 0
github.com/nhalm/canonlog/request_logger.go:129.2,129.52 1 0
github.com/nhalm/canonlog/request_logger.go:134.61,136.2 1 5
github.com/nhalm/canonlog/request_logger.go:140.59,141.64 1 8
github.com/nhalm/canonlog/request_logger.go:141.64,143.3 1 7
github.com/nhalm/canonlog/request_logger.go:144.2,144.27 1 1
github.com/nhalm/canonlog/request_logger.go:153.74,154.44 1 1
github.com/nhalm/canonlog/request_logger.go:154.44,156.3 1 1
github.com/nhalm/canonlog/request_logger.go:167.75,168.44 1 1
github.com/nhalm/canonlog/request_logger.go:168.44,170.3 1 1
github.com/nhalm/canonlog/request_logger.go:182.54,183.44 1 1
github.com/nhalm/canonlog/request_logger.go:183.44,185.3 1 1
github.com/nhalm/canonlog/request_logger.go:191.38,192.44 1 0
github.com/nhalm/canonlog/request_logger.go:192.44,194.3 1 0
